<?xml version="1.0" encoding="UTF-8"?>
<testsuite xmlns:xsi="http://www.w3.org/2001/XMLSchema-instance" xsi:noNamespaceSchemaLocation="https://maven.apache.org/surefire/maven-surefire-plugin/xsd/surefire-test-report.xsd" version="3.0.2" name="com.FetcherMicroService.FetcherMicroServiceApplicationTests" time="3.999" tests="1" errors="0" skipped="0" failures="0">
  <properties>
[...]
</properties>
  <testcase name="contextLoads" classname="com.FetcherMicroService.FetcherMicroServiceApplicationTests" time="1.135">
    <system-out><![CDATA[02:26:55.554 [main] INFO org.springframework.test.context.support.AnnotationConfigContextLoaderUtils -- Could not detect default configuration classes for test class [com.FetcherMicroService.FetcherMicroServiceApplicationTests]: FetcherMicroServiceApplicationTests does not declare any static, non-private, non-final, nested classes annotated with @Configuration.
02:26:55.740 [main] INFO org.springframework.boot.test.context.SpringBootTestContextBootstrapper -- Found @SpringBootConfiguration com.FetcherMicroService.FetcherMicroServiceApplication for test class com.FetcherMicroService.FetcherMicroServiceApplicationTests

  .   ____          _            __ _ _
 /\\ / ___'_ __ _ _(_)_ __  __ _ \ \ \ \
( ( )\___ | '_ | '_| | '_ \/ _` | \ \ \ \
 \\/  ___)| |_)| | | | | || (_| |  ) ) ) )
  '  |____| .__|_| |_|_| |_\__, | / / / /
 =========|_|==============|___/=/_/_/_/

 :: Spring Boot ::                (v3.5.6)

2025-10-22T02:26:56.424+03:00  INFO 25612 --- [FetcherMicroService] [           main] c.F.FetcherMicroServiceApplicationTests  : Starting FetcherMicroServiceApplicationTests using Java 22.0.1 with PID 25612 (started by omerf in D:\Ara_Proje_Backend\FetcherMicroService)
2025-10-22T02:26:56.425+03:00  INFO 25612 --- [FetcherMicroService] [           main] c.F.FetcherMicroServiceApplicationTests  : No active profile set, falling back to 1 default profile: "default"
2025-10-22T02:26:58.213+03:00  INFO 25612 --- [FetcherMicroService] [           main] c.F.FetcherMicroServiceApplicationTests  : Started FetcherMicroServiceApplicationTests in 2.253 seconds (process running for 4.378)
]]></system-out>
    <system-err><![CDATA[Mockito is currently self-attaching to enable the inline-mock-maker. This will no longer work in future releases of the JDK. Please add Mockito as an agent to your build as described in Mockito's documentation: https://javadoc.io/doc/org.mockito/mockito-core/latest/org.mockito/org/mockito/Mockito.html#0.3
WARNING: A Java agent has been loaded dynamically (C:\Users\omerf\.m2\repository\net\bytebuddy\byte-buddy-agent\1.17.7\byte-buddy-agent-1.17.7.jar)
WARNING: If a serviceability tool is in use, please run with -XX:+EnableDynamicAgentLoading to hide this warning
WARNING: If a serviceability tool is not in use, please run with -Djdk.instrument.traceUsage for more information
WARNING: Dynamic loading of agents will be disallowed by default in a future release
]]></system-err>
  </testcase>
</testsuite>